<?xml version="1.0" encoding="UTF-8"?>
<!-- Generated by org.testng.reporters.JUnitXMLReporter -->
<testsuite hostname="DESKTOP-2NOVUGK" failures="0" tests="3" name="Default test" time="18.787" errors="0" timestamp="16 Mar 2022 19:21:34 GMT">
  <testcase classname="RestTesting.Ecommerce" name="login" time="13.018"/>
  <testcase classname="RestTesting.Ecommerce" name="getusers" time="3.734"/>
  <testcase classname="RestTesting.Ecommerce" name="deleteuser" time="1.968"/>
</testsuite> <!-- Default test -->
