<?xml version="1.0" encoding="UTF-8"?>
<testng-results total="1" passed="1" failed="0" skipped="0">
  <reporter-output>
  </reporter-output>
  <suite started-at="2022-03-16T18:38:28Z" name="Default suite" finished-at="2022-03-16T18:38:31Z" duration-ms="2337">
    <groups>
    </groups>
    <test started-at="2022-03-16T18:38:28Z" name="Default test" finished-at="2022-03-16T18:38:31Z" duration-ms="2337">
      <class name="RestTesting.Ecommerce">
        <test-method signature="signup()[pri:0, instance:RestTesting.Ecommerce@332729ad]" started-at="2022-03-17T00:08:29Z" name="signup" finished-at="2022-03-17T00:08:31Z" duration-ms="2287" status="PASS">
          <reporter-output>
          </reporter-output>
        </test-method> <!-- signup -->
      </class> <!-- RestTesting.Ecommerce -->
    </test> <!-- Default test -->
  </suite> <!-- Default suite -->
</testng-results>
