<?xml version="1.0" encoding="UTF-8"?>
<testng-results total="3" passed="3" failed="0" skipped="0">
  <reporter-output>
  </reporter-output>
  <suite started-at="2022-03-16T19:21:15Z" name="Default suite" finished-at="2022-03-16T19:21:34Z" duration-ms="18787">
    <groups>
    </groups>
    <test started-at="2022-03-16T19:21:15Z" name="Default test" finished-at="2022-03-16T19:21:34Z" duration-ms="18787">
      <class name="RestTesting.Ecommerce">
        <test-method signature="login()[pri:1, instance:RestTesting.Ecommerce@9573584]" started-at="2022-03-17T00:51:15Z" name="login" finished-at="2022-03-17T00:51:28Z" duration-ms="13018" status="PASS">
          <reporter-output>
          </reporter-output>
        </test-method> <!-- login -->
        <test-method signature="getusers()[pri:2, instance:RestTesting.Ecommerce@9573584]" started-at="2022-03-17T00:51:28Z" name="getusers" finished-at="2022-03-17T00:51:32Z" duration-ms="3734" status="PASS">
          <reporter-output>
          </reporter-output>
        </test-method> <!-- getusers -->
        <test-method signature="deleteuser()[pri:3, instance:RestTesting.Ecommerce@9573584]" started-at="2022-03-17T00:51:32Z" name="deleteuser" finished-at="2022-03-17T00:51:34Z" duration-ms="1968" status="PASS">
          <reporter-output>
          </reporter-output>
        </test-method> <!-- deleteuser -->
      </class> <!-- RestTesting.Ecommerce -->
    </test> <!-- Default test -->
  </suite> <!-- Default suite -->
</testng-results>
